<?xml version="1.0" encoding="UTF-8"?>
<!-- Generated by org.testng.reporters.JUnitXMLReporter -->
<testsuite ignored="2" hostname="Tikas-MacBook-Air.local" failures="0" tests="5" name="Test" time="202.13" errors="0" timestamp="2024-12-22T15:03:33 PST">
  <testcase classname="org.auto.learning_project.testcase.HomePage_Men_Scenario" name="tc04_valid_Men_homepagefunc" time="27.382"/>
  <testcase classname="org.auto.learning_project.testcase.HomePage_Women_Scenario" name="tc03_validhomepagefunc" time="117.493"/>
  <testcase classname="org.auto.learning_project.testcase.LoginScenario_DDF" name="tc002_LoginFunct" time="6.524"/>
  <testcase classname="org.auto.learning_project.testcase.LoginScenario_DDF" name="tc002_LoginFunct" time="7.332"/>
  <testcase classname="org.auto.learning_project.testcase.LoginScenario_DDF" name="tc002_LoginFunct" time="5.037"/>
  <testcase classname="org.auto.learning_project.testcase.LoginScenario" name="tc02_validloginfunc" time="0.0">
    <ignored/>
  </testcase> <!-- tc02_validloginfunc -->
  <testcase classname="org.auto.learning_project.testcase.SignupScenario" name="tc01_validsignupfunc" time="0.0">
    <ignored/>
  </testcase> <!-- tc01_validsignupfunc -->
</testsuite> <!-- Test -->
