<?xml version="1.0" encoding="UTF-8"?>
<!-- Generated by org.testng.reporters.JUnitXMLReporter -->
<testsuite ignored="0" hostname="Tikas-MacBook-Air.local" failures="1" tests="1" name="Test" time="8.905" errors="0" timestamp="2024-05-03T18:40:46 PDT">
  <testcase classname="org.wipro.auto.fb.testcase.SignupScenario" name="tc002_validsignupfunc" time="2.093">
    <failure type="java.lang.NullPointerException" message="Cannot invoke &amp;quot;Object.toString()&amp;quot; because the return value of &amp;quot;java.util.Properties.get(Object)&amp;quot; is null">
      <![CDATA[java.lang.NullPointerException: Cannot invoke "Object.toString()" because the return value of "java.util.Properties.get(Object)" is null
at org.wipro.auto.fb.utilities.ReadPropFiles.readelement(ReadPropFiles.java:26)
at org.wipro.auto.fb.pages.SignupPage.enter_mobile_or_email(SignupPage.java:36)
at org.wipro.auto.fb.testcase.SignupScenario.tc002_validsignupfunc(SignupScenario.java:19)
at java.base/java.util.ArrayList.forEach(ArrayList.java:1596)
... Removed 25 stack frames]]>
    </failure>
  </testcase> <!-- tc002_validsignupfunc -->
</testsuite> <!-- Test -->
