<?xml version="1.0" encoding="UTF-8"?>
<!-- Generated by org.testng.reporters.JUnitXMLReporter -->
<testsuite ignored="18" hostname="DESKTOP-DJ4FDME" failures="3" tests="3" name="Test(failed)" time="0.163" errors="0" timestamp="2024-04-13T07:28:46 IST">
  <testcase classname="testNGDemo.TestScenario8" name="third_testcase" time="0.039">
    <failure type="java.lang.AssertionError" message="expected [Hello World] but found [Hello]">
      <![CDATA[java.lang.AssertionError: expected [Hello World] but found [Hello]
at testNGDemo.TestScenario8.third_testcase(TestScenario8.java:25)
at java.base/java.util.ArrayList.forEach(ArrayList.java:1511)
... Removed 33 stack frames]]>
    </failure>
  </testcase> <!-- third_testcase -->
  <testcase classname="testNGDemo.TestScenario5" name="seven_testcase" time="0.002">
    <failure type="java.lang.AssertionError" message="expected [Hello World] but found [Hello]">
      <![CDATA[java.lang.AssertionError: expected [Hello World] but found [Hello]
at testNGDemo.TestScenario5.seven_testcase(TestScenario5.java:49)
at java.base/java.util.ArrayList.forEach(ArrayList.java:1511)
... Removed 33 stack frames]]>
    </failure>
  </testcase> <!-- seven_testcase -->
  <testcase classname="testNGDemo.TestScenario" name="first_testcase" time="0.003">
    <failure type="java.lang.AssertionError" message="expected [Hello World] but found [Hello]">
      <![CDATA[java.lang.AssertionError: expected [Hello World] but found [Hello]
at testNGDemo.TestScenario.first_testcase(TestScenario.java:13)
at java.base/java.util.ArrayList.forEach(ArrayList.java:1511)
... Removed 33 stack frames]]>
    </failure>
  </testcase> <!-- first_testcase -->
  <testcase classname="testNGDemo.TestScenario" name="sixth_testcase" time="0.0">
    <ignored/>
  </testcase> <!-- sixth_testcase -->
  <testcase classname="testNGDemo.TestScenario" name="fifth_testcase" time="0.0">
    <ignored/>
  </testcase> <!-- fifth_testcase -->
  <testcase classname="testNGDemo.TestScenario" name="seven_testcase" time="0.0">
    <ignored/>
  </testcase> <!-- seven_testcase -->
  <testcase classname="testNGDemo.TestScenario8" name="first_testcase" time="0.0">
    <ignored/>
  </testcase> <!-- first_testcase -->
  <testcase classname="testNGDemo.TestScenario" name="second_testcase" time="0.0">
    <ignored/>
  </testcase> <!-- second_testcase -->
  <testcase classname="testNGDemo.TestScenario5" name="forth_testcase" time="0.0">
    <ignored/>
  </testcase> <!-- forth_testcase -->
  <testcase classname="testNGDemo.TestScenario5" name="first_testcase" time="0.0">
    <ignored/>
  </testcase> <!-- first_testcase -->
  <testcase classname="testNGDemo.TestScenario" name="forth_testcase" time="0.0">
    <ignored/>
  </testcase> <!-- forth_testcase -->
  <testcase classname="testNGDemo.TestScenario" name="third_testcase" time="0.0">
    <ignored/>
  </testcase> <!-- third_testcase -->
  <testcase classname="testNGDemo.TestScenario5" name="third_testcase" time="0.0">
    <ignored/>
  </testcase> <!-- third_testcase -->
  <testcase classname="testNGDemo.TestScenario8" name="forth_testcase" time="0.0">
    <ignored/>
  </testcase> <!-- forth_testcase -->
  <testcase classname="testNGDemo.TestScenario8" name="sixth_testcase" time="0.0">
    <ignored/>
  </testcase> <!-- sixth_testcase -->
  <testcase classname="testNGDemo.TestScenario8" name="seven_testcase" time="0.0">
    <ignored/>
  </testcase> <!-- seven_testcase -->
  <testcase classname="testNGDemo.TestScenario5" name="sixth_testcase" time="0.0">
    <ignored/>
  </testcase> <!-- sixth_testcase -->
  <testcase classname="testNGDemo.TestScenario5" name="fifth_testcase" time="0.0">
    <ignored/>
  </testcase> <!-- fifth_testcase -->
  <testcase classname="testNGDemo.TestScenario8" name="second_testcase" time="0.0">
    <ignored/>
  </testcase> <!-- second_testcase -->
  <testcase classname="testNGDemo.TestScenario8" name="fifth_testcase" time="0.0">
    <ignored/>
  </testcase> <!-- fifth_testcase -->
  <testcase classname="testNGDemo.TestScenario5" name="second_testcase" time="0.0">
    <ignored/>
  </testcase> <!-- second_testcase -->
</testsuite> <!-- Test(failed) -->
